{"C:\\Projetos\\IMDB\\Backend\\src\\controlers\\authController.ts": {"path":"C:\\Projetos\\IMDB\\Backend\\src\\controlers\\authController.ts","statementMap":{"0":{"start":{"line":10,"column":21},"end":{"line":23,"column":null}},"1":{"start":{"line":11,"column":4},"end":{"line":22,"column":null}},"2":{"start":{"line":12,"column":36},"end":{"line":12,"column":null}},"3":{"start":{"line":13,"column":25},"end":{"line":13,"column":null}},"4":{"start":{"line":14,"column":8},"end":{"line":19,"column":null}},"5":{"start":{"line":15,"column":26},"end":{"line":15,"column":null}},"6":{"start":{"line":16,"column":12},"end":{"line":16,"column":null}},"7":{"start":{"line":18,"column":12},"end":{"line":18,"column":null}},"8":{"start":{"line":21,"column":8},"end":{"line":21,"column":null}},"9":{"start":{"line":25,"column":24},"end":{"line":40,"column":null}},"10":{"start":{"line":26,"column":4},"end":{"line":39,"column":null}},"11":{"start":{"line":27,"column":66},"end":{"line":27,"column":null}},"12":{"start":{"line":28,"column":25},"end":{"line":28,"column":null}},"13":{"start":{"line":29,"column":8},"end":{"line":33,"column":null}},"14":{"start":{"line":30,"column":12},"end":{"line":30,"column":null}},"15":{"start":{"line":31,"column":15},"end":{"line":33,"column":null}},"16":{"start":{"line":32,"column":12},"end":{"line":32,"column":null}},"17":{"start":{"line":34,"column":29},"end":{"line":34,"column":null}},"18":{"start":{"line":35,"column":8},"end":{"line":35,"column":null}},"19":{"start":{"line":36,"column":8},"end":{"line":36,"column":null}},"20":{"start":{"line":38,"column":8},"end":{"line":38,"column":null}},"21":{"start":{"line":42,"column":30},"end":{"line":58,"column":null}},"22":{"start":{"line":43,"column":4},"end":{"line":57,"column":null}},"23":{"start":{"line":44,"column":26},"end":{"line":44,"column":null}},"24":{"start":{"line":45,"column":21},"end":{"line":45,"column":null}},"25":{"start":{"line":46,"column":8},"end":{"line":54,"column":null}},"26":{"start":{"line":47,"column":26},"end":{"line":47,"column":null}},"27":{"start":{"line":48,"column":30},"end":{"line":48,"column":null}},"28":{"start":{"line":49,"column":12},"end":{"line":49,"column":null}},"29":{"start":{"line":50,"column":12},"end":{"line":50,"column":null}},"30":{"start":{"line":51,"column":12},"end":{"line":51,"column":null}},"31":{"start":{"line":53,"column":12},"end":{"line":53,"column":null}},"32":{"start":{"line":56,"column":8},"end":{"line":56,"column":null}},"33":{"start":{"line":60,"column":34},"end":{"line":72,"column":null}},"34":{"start":{"line":61,"column":4},"end":{"line":71,"column":null}},"35":{"start":{"line":62,"column":36},"end":{"line":62,"column":null}},"36":{"start":{"line":63,"column":26},"end":{"line":63,"column":null}},"37":{"start":{"line":64,"column":27},"end":{"line":64,"column":null}},"38":{"start":{"line":65,"column":29},"end":{"line":65,"column":null}},"39":{"start":{"line":66,"column":8},"end":{"line":66,"column":null}},"40":{"start":{"line":67,"column":8},"end":{"line":67,"column":null}},"41":{"start":{"line":68,"column":8},"end":{"line":68,"column":null}},"42":{"start":{"line":70,"column":8},"end":{"line":70,"column":null}}},"fnMap":{"0":{"name":"(anonymous_0)","decl":{"start":{"line":10,"column":21},"end":{"line":10,"column":28}},"loc":{"start":{"line":10,"column":60},"end":{"line":23,"column":null}},"line":10},"1":{"name":"(anonymous_1)","decl":{"start":{"line":25,"column":24},"end":{"line":25,"column":31}},"loc":{"start":{"line":25,"column":63},"end":{"line":40,"column":null}},"line":25},"2":{"name":"(anonymous_2)","decl":{"start":{"line":42,"column":30},"end":{"line":42,"column":37}},"loc":{"start":{"line":42,"column":69},"end":{"line":58,"column":null}},"line":42},"3":{"name":"(anonymous_3)","decl":{"start":{"line":60,"column":34},"end":{"line":60,"column":41}},"loc":{"start":{"line":60,"column":73},"end":{"line":72,"column":null}},"line":60}},"branchMap":{"0":{"loc":{"start":{"line":14,"column":8},"end":{"line":19,"column":null}},"type":"if","locations":[{"start":{"line":14,"column":8},"end":{"line":19,"column":null}},{"start":{"line":17,"column":15},"end":{"line":19,"column":null}}],"line":14},"1":{"loc":{"start":{"line":15,"column":56},"end":{"line":15,"column":106}},"type":"binary-expr","locations":[{"start":{"line":15,"column":56},"end":{"line":15,"column":89}},{"start":{"line":15,"column":89},"end":{"line":15,"column":106}}],"line":15},"2":{"loc":{"start":{"line":29,"column":8},"end":{"line":33,"column":null}},"type":"if","locations":[{"start":{"line":29,"column":8},"end":{"line":33,"column":null}},{"start":{"line":31,"column":15},"end":{"line":33,"column":null}}],"line":29},"3":{"loc":{"start":{"line":31,"column":15},"end":{"line":33,"column":null}},"type":"if","locations":[{"start":{"line":31,"column":15},"end":{"line":33,"column":null}},{"start":{},"end":{}}],"line":31},"4":{"loc":{"start":{"line":46,"column":8},"end":{"line":54,"column":null}},"type":"if","locations":[{"start":{"line":46,"column":8},"end":{"line":54,"column":null}},{"start":{"line":52,"column":15},"end":{"line":54,"column":null}}],"line":46}},"s":{"0":4,"1":3,"2":3,"3":3,"4":2,"5":1,"6":1,"7":1,"8":1,"9":4,"10":4,"11":4,"12":4,"13":3,"14":1,"15":2,"16":1,"17":1,"18":1,"19":1,"20":1,"21":4,"22":1,"23":1,"24":1,"25":1,"26":1,"27":1,"28":1,"29":1,"30":1,"31":0,"32":0,"33":4,"34":1,"35":1,"36":1,"37":1,"38":1,"39":1,"40":1,"41":1,"42":0},"f":{"0":3,"1":4,"2":1,"3":1},"b":{"0":[1,1],"1":[1,0],"2":[1,2],"3":[1,1],"4":[1,0]},"meta":{"lastBranch":5,"lastFunction":4,"lastStatement":43,"seen":{"s:10:21:23:Infinity":0,"f:10:21:10:28":0,"s:11:4:22:Infinity":1,"s:12:36:12:Infinity":2,"s:13:25:13:Infinity":3,"b:14:8:19:Infinity:17:15:19:Infinity":0,"s:14:8:19:Infinity":4,"s:15:26:15:Infinity":5,"b:15:56:15:89:15:89:15:106":1,"s:16:12:16:Infinity":6,"s:18:12:18:Infinity":7,"s:21:8:21:Infinity":8,"s:25:24:40:Infinity":9,"f:25:24:25:31":1,"s:26:4:39:Infinity":10,"s:27:66:27:Infinity":11,"s:28:25:28:Infinity":12,"b:29:8:33:Infinity:31:15:33:Infinity":2,"s:29:8:33:Infinity":13,"s:30:12:30:Infinity":14,"b:31:15:33:Infinity:undefined:undefined:undefined:undefined":3,"s:31:15:33:Infinity":15,"s:32:12:32:Infinity":16,"s:34:29:34:Infinity":17,"s:35:8:35:Infinity":18,"s:36:8:36:Infinity":19,"s:38:8:38:Infinity":20,"s:42:30:58:Infinity":21,"f:42:30:42:37":2,"s:43:4:57:Infinity":22,"s:44:26:44:Infinity":23,"s:45:21:45:Infinity":24,"b:46:8:54:Infinity:52:15:54:Infinity":4,"s:46:8:54:Infinity":25,"s:47:26:47:Infinity":26,"s:48:30:48:Infinity":27,"s:49:12:49:Infinity":28,"s:50:12:50:Infinity":29,"s:51:12:51:Infinity":30,"s:53:12:53:Infinity":31,"s:56:8:56:Infinity":32,"s:60:34:72:Infinity":33,"f:60:34:60:41":3,"s:61:4:71:Infinity":34,"s:62:36:62:Infinity":35,"s:63:26:63:Infinity":36,"s:64:27:64:Infinity":37,"s:65:29:65:Infinity":38,"s:66:8:66:Infinity":39,"s:67:8:67:Infinity":40,"s:68:8:68:Infinity":41,"s:70:8:70:Infinity":42},"fnNames":{}}}
,"C:\\Projetos\\IMDB\\Backend\\src\\controlers\\movieController.ts": {"path":"C:\\Projetos\\IMDB\\Backend\\src\\controlers\\movieController.ts","statementMap":{"0":{"start":{"line":6,"column":26},"end":{"line":13,"column":null}},"1":{"start":{"line":7,"column":4},"end":{"line":12,"column":null}},"2":{"start":{"line":8,"column":27},"end":{"line":8,"column":null}},"3":{"start":{"line":9,"column":8},"end":{"line":9,"column":null}},"4":{"start":{"line":11,"column":8},"end":{"line":11,"column":null}},"5":{"start":{"line":15,"column":24},"end":{"line":37,"column":null}},"6":{"start":{"line":16,"column":4},"end":{"line":36,"column":null}},"7":{"start":{"line":17,"column":40},"end":{"line":17,"column":null}},"8":{"start":{"line":18,"column":8},"end":{"line":20,"column":null}},"9":{"start":{"line":19,"column":12},"end":{"line":19,"column":null}},"10":{"start":{"line":21,"column":24},"end":{"line":21,"column":null}},"11":{"start":{"line":22,"column":29},"end":{"line":22,"column":null}},"12":{"start":{"line":23,"column":8},"end":{"line":32,"column":null}},"13":{"start":{"line":29,"column":57},"end":{"line":29,"column":67}},"14":{"start":{"line":33,"column":8},"end":{"line":33,"column":null}},"15":{"start":{"line":35,"column":8},"end":{"line":35,"column":null}},"16":{"start":{"line":39,"column":26},"end":{"line":57,"column":null}},"17":{"start":{"line":40,"column":4},"end":{"line":56,"column":null}},"18":{"start":{"line":41,"column":109},"end":{"line":41,"column":null}},"19":{"start":{"line":42,"column":8},"end":{"line":52,"column":null}},"20":{"start":{"line":53,"column":8},"end":{"line":53,"column":null}},"21":{"start":{"line":55,"column":8},"end":{"line":55,"column":null}},"22":{"start":{"line":59,"column":28},"end":{"line":67,"column":null}},"23":{"start":{"line":60,"column":4},"end":{"line":66,"column":null}},"24":{"start":{"line":61,"column":28},"end":{"line":61,"column":null}},"25":{"start":{"line":62,"column":8},"end":{"line":62,"column":null}},"26":{"start":{"line":63,"column":8},"end":{"line":63,"column":null}},"27":{"start":{"line":65,"column":8},"end":{"line":65,"column":null}}},"fnMap":{"0":{"name":"(anonymous_0)","decl":{"start":{"line":6,"column":26},"end":{"line":6,"column":33}},"loc":{"start":{"line":6,"column":66},"end":{"line":13,"column":null}},"line":6},"1":{"name":"(anonymous_1)","decl":{"start":{"line":15,"column":24},"end":{"line":15,"column":31}},"loc":{"start":{"line":15,"column":63},"end":{"line":37,"column":null}},"line":15},"2":{"name":"(anonymous_2)","decl":{"start":{"line":29,"column":44},"end":{"line":29,"column":48}},"loc":{"start":{"line":29,"column":57},"end":{"line":29,"column":67}},"line":29},"3":{"name":"(anonymous_3)","decl":{"start":{"line":39,"column":26},"end":{"line":39,"column":33}},"loc":{"start":{"line":39,"column":65},"end":{"line":57,"column":null}},"line":39},"4":{"name":"(anonymous_4)","decl":{"start":{"line":59,"column":28},"end":{"line":59,"column":35}},"loc":{"start":{"line":59,"column":67},"end":{"line":67,"column":null}},"line":59}},"branchMap":{"0":{"loc":{"start":{"line":18,"column":8},"end":{"line":20,"column":null}},"type":"if","locations":[{"start":{"line":18,"column":8},"end":{"line":20,"column":null}},{"start":{},"end":{}}],"line":18},"1":{"loc":{"start":{"line":18,"column":11},"end":{"line":18,"column":39}},"type":"binary-expr","locations":[{"start":{"line":18,"column":11},"end":{"line":18,"column":21}},{"start":{"line":18,"column":21},"end":{"line":18,"column":32}},{"start":{"line":18,"column":32},"end":{"line":18,"column":39}}],"line":18}},"s":{"0":4,"1":3,"2":3,"3":2,"4":1,"5":4,"6":3,"7":3,"8":3,"9":1,"10":2,"11":2,"12":2,"13":2,"14":1,"15":1,"16":4,"17":1,"18":1,"19":1,"20":1,"21":0,"22":4,"23":1,"24":1,"25":1,"26":1,"27":0},"f":{"0":3,"1":3,"2":2,"3":1,"4":1},"b":{"0":[1,2],"1":[3,2,2]},"meta":{"lastBranch":2,"lastFunction":5,"lastStatement":28,"seen":{"s:6:26:13:Infinity":0,"f:6:26:6:33":0,"s:7:4:12:Infinity":1,"s:8:27:8:Infinity":2,"s:9:8:9:Infinity":3,"s:11:8:11:Infinity":4,"s:15:24:37:Infinity":5,"f:15:24:15:31":1,"s:16:4:36:Infinity":6,"s:17:40:17:Infinity":7,"b:18:8:20:Infinity:undefined:undefined:undefined:undefined":0,"s:18:8:20:Infinity":8,"b:18:11:18:21:18:21:18:32:18:32:18:39":1,"s:19:12:19:Infinity":9,"s:21:24:21:Infinity":10,"s:22:29:22:Infinity":11,"s:23:8:32:Infinity":12,"f:29:44:29:48":2,"s:29:57:29:67":13,"s:33:8:33:Infinity":14,"s:35:8:35:Infinity":15,"s:39:26:57:Infinity":16,"f:39:26:39:33":3,"s:40:4:56:Infinity":17,"s:41:109:41:Infinity":18,"s:42:8:52:Infinity":19,"s:53:8:53:Infinity":20,"s:55:8:55:Infinity":21,"s:59:28:67:Infinity":22,"f:59:28:59:35":4,"s:60:4:66:Infinity":23,"s:61:28:61:Infinity":24,"s:62:8:62:Infinity":25,"s:63:8:63:Infinity":26,"s:65:8:65:Infinity":27},"fnNames":{}}}
,"C:\\Projetos\\IMDB\\Backend\\src\\controlers\\request.Controller.ts": {"path":"C:\\Projetos\\IMDB\\Backend\\src\\controlers\\request.Controller.ts","statementMap":{"0":{"start":{"line":6,"column":27},"end":{"line":13,"column":null}},"1":{"start":{"line":7,"column":4},"end":{"line":12,"column":null}},"2":{"start":{"line":8,"column":25},"end":{"line":8,"column":null}},"3":{"start":{"line":9,"column":8},"end":{"line":9,"column":null}},"4":{"start":{"line":11,"column":8},"end":{"line":11,"column":null}},"5":{"start":{"line":15,"column":26},"end":{"line":29,"column":null}},"6":{"start":{"line":16,"column":4},"end":{"line":28,"column":null}},"7":{"start":{"line":17,"column":52},"end":{"line":17,"column":null}},"8":{"start":{"line":18,"column":25},"end":{"line":18,"column":null}},"9":{"start":{"line":19,"column":8},"end":{"line":24,"column":null}},"10":{"start":{"line":25,"column":8},"end":{"line":25,"column":null}},"11":{"start":{"line":27,"column":8},"end":{"line":27,"column":null}},"12":{"start":{"line":31,"column":27},"end":{"line":45,"column":null}},"13":{"start":{"line":32,"column":4},"end":{"line":44,"column":null}},"14":{"start":{"line":33,"column":52},"end":{"line":33,"column":null}},"15":{"start":{"line":34,"column":25},"end":{"line":34,"column":null}},"16":{"start":{"line":35,"column":8},"end":{"line":40,"column":null}},"17":{"start":{"line":41,"column":8},"end":{"line":41,"column":null}},"18":{"start":{"line":43,"column":8},"end":{"line":43,"column":null}},"19":{"start":{"line":47,"column":29},"end":{"line":55,"column":null}},"20":{"start":{"line":48,"column":4},"end":{"line":54,"column":null}},"21":{"start":{"line":49,"column":23},"end":{"line":49,"column":null}},"22":{"start":{"line":50,"column":8},"end":{"line":50,"column":null}},"23":{"start":{"line":51,"column":8},"end":{"line":51,"column":null}},"24":{"start":{"line":53,"column":8},"end":{"line":53,"column":null}}},"fnMap":{"0":{"name":"(anonymous_0)","decl":{"start":{"line":6,"column":27},"end":{"line":6,"column":34}},"loc":{"start":{"line":6,"column":67},"end":{"line":13,"column":null}},"line":6},"1":{"name":"(anonymous_1)","decl":{"start":{"line":15,"column":26},"end":{"line":15,"column":33}},"loc":{"start":{"line":15,"column":65},"end":{"line":29,"column":null}},"line":15},"2":{"name":"(anonymous_2)","decl":{"start":{"line":31,"column":27},"end":{"line":31,"column":34}},"loc":{"start":{"line":31,"column":66},"end":{"line":45,"column":null}},"line":31},"3":{"name":"(anonymous_3)","decl":{"start":{"line":47,"column":29},"end":{"line":47,"column":36}},"loc":{"start":{"line":47,"column":68},"end":{"line":55,"column":null}},"line":47}},"branchMap":{},"s":{"0":4,"1":1,"2":1,"3":1,"4":0,"5":4,"6":1,"7":1,"8":1,"9":1,"10":1,"11":0,"12":4,"13":1,"14":1,"15":1,"16":1,"17":1,"18":0,"19":4,"20":1,"21":1,"22":1,"23":1,"24":0},"f":{"0":1,"1":1,"2":1,"3":1},"b":{},"meta":{"lastBranch":0,"lastFunction":4,"lastStatement":25,"seen":{"s:6:27:13:Infinity":0,"f:6:27:6:34":0,"s:7:4:12:Infinity":1,"s:8:25:8:Infinity":2,"s:9:8:9:Infinity":3,"s:11:8:11:Infinity":4,"s:15:26:29:Infinity":5,"f:15:26:15:33":1,"s:16:4:28:Infinity":6,"s:17:52:17:Infinity":7,"s:18:25:18:Infinity":8,"s:19:8:24:Infinity":9,"s:25:8:25:Infinity":10,"s:27:8:27:Infinity":11,"s:31:27:45:Infinity":12,"f:31:27:31:34":2,"s:32:4:44:Infinity":13,"s:33:52:33:Infinity":14,"s:34:25:34:Infinity":15,"s:35:8:40:Infinity":16,"s:41:8:41:Infinity":17,"s:43:8:43:Infinity":18,"s:47:29:55:Infinity":19,"f:47:29:47:36":3,"s:48:4:54:Infinity":20,"s:49:23:49:Infinity":21,"s:50:8:50:Infinity":22,"s:51:8:51:Infinity":23,"s:53:8:53:Infinity":24},"fnNames":{}}}
,"C:\\Projetos\\IMDB\\Backend\\src\\services\\databaseService.ts": {"path":"C:\\Projetos\\IMDB\\Backend\\src\\services\\databaseService.ts","statementMap":{"0":{"start":{"line":10,"column":4},"end":{"line":10,"column":null}},"1":{"start":{"line":13,"column":3},"end":{"line":13,"column":null}},"2":{"start":{"line":15,"column":39},"end":{"line":15,"column":null}},"3":{"start":{"line":17,"column":3},"end":{"line":17,"column":null}},"4":{"start":{"line":19,"column":26},"end":{"line":19,"column":null}},"5":{"start":{"line":21,"column":47},"end":{"line":21,"column":null}},"6":{"start":{"line":22,"column":3},"end":{"line":22,"column":null}},"7":{"start":{"line":24,"column":48},"end":{"line":24,"column":null}},"8":{"start":{"line":25,"column":3},"end":{"line":25,"column":null}},"9":{"start":{"line":27,"column":49},"end":{"line":27,"column":null}},"10":{"start":{"line":28,"column":3},"end":{"line":28,"column":null}},"11":{"start":{"line":30,"column":50},"end":{"line":30,"column":null}},"12":{"start":{"line":31,"column":3},"end":{"line":31,"column":null}},"13":{"start":{"line":33,"column":48},"end":{"line":33,"column":null}},"14":{"start":{"line":34,"column":3},"end":{"line":34,"column":null}},"15":{"start":{"line":36,"column":3},"end":{"line":36,"column":null}}},"fnMap":{"0":{"name":"connectToDatabase","decl":{"start":{"line":12,"column":22},"end":{"line":12,"column":43}},"loc":{"start":{"line":12,"column":43},"end":{"line":37,"column":null}},"line":12}},"branchMap":{"0":{"loc":{"start":{"line":15,"column":63},"end":{"line":15,"column":90}},"type":"binary-expr","locations":[{"start":{"line":15,"column":63},"end":{"line":15,"column":88}},{"start":{"line":15,"column":88},"end":{"line":15,"column":90}}],"line":15},"1":{"loc":{"start":{"line":21,"column":61},"end":{"line":21,"column":100}},"type":"binary-expr","locations":[{"start":{"line":21,"column":61},"end":{"line":21,"column":98}},{"start":{"line":21,"column":98},"end":{"line":21,"column":100}}],"line":21},"2":{"loc":{"start":{"line":24,"column":62},"end":{"line":24,"column":102}},"type":"binary-expr","locations":[{"start":{"line":24,"column":62},"end":{"line":24,"column":100}},{"start":{"line":24,"column":100},"end":{"line":24,"column":102}}],"line":24},"3":{"loc":{"start":{"line":27,"column":63},"end":{"line":27,"column":104}},"type":"binary-expr","locations":[{"start":{"line":27,"column":63},"end":{"line":27,"column":102}},{"start":{"line":27,"column":102},"end":{"line":27,"column":104}}],"line":27},"4":{"loc":{"start":{"line":30,"column":64},"end":{"line":30,"column":106}},"type":"binary-expr","locations":[{"start":{"line":30,"column":64},"end":{"line":30,"column":104}},{"start":{"line":30,"column":104},"end":{"line":30,"column":106}}],"line":30},"5":{"loc":{"start":{"line":33,"column":62},"end":{"line":33,"column":102}},"type":"binary-expr","locations":[{"start":{"line":33,"column":62},"end":{"line":33,"column":100}},{"start":{"line":33,"column":100},"end":{"line":33,"column":102}}],"line":33}},"s":{"0":12,"1":0,"2":0,"3":0,"4":0,"5":0,"6":0,"7":0,"8":0,"9":0,"10":0,"11":0,"12":0,"13":0,"14":0,"15":0},"f":{"0":0},"b":{"0":[0,0],"1":[0,0],"2":[0,0],"3":[0,0],"4":[0,0],"5":[0,0]},"meta":{"lastBranch":6,"lastFunction":1,"lastStatement":16,"seen":{"s:10:4:10:Infinity":0,"f:12:22:12:43":0,"s:13:3:13:Infinity":1,"s:15:39:15:Infinity":2,"b:15:63:15:88:15:88:15:90":0,"s:17:3:17:Infinity":3,"s:19:26:19:Infinity":4,"s:21:47:21:Infinity":5,"b:21:61:21:98:21:98:21:100":1,"s:22:3:22:Infinity":6,"s:24:48:24:Infinity":7,"b:24:62:24:100:24:100:24:102":2,"s:25:3:25:Infinity":8,"s:27:49:27:Infinity":9,"b:27:63:27:102:27:102:27:104":3,"s:28:3:28:Infinity":10,"s:30:50:30:Infinity":11,"b:30:64:30:104:30:104:30:106":4,"s:31:3:31:Infinity":12,"s:33:48:33:Infinity":13,"b:33:62:33:100:33:100:33:102":5,"s:34:3:34:Infinity":14,"s:36:3:36:Infinity":15},"fnNames":{}}}
,"C:\\Projetos\\IMDB\\Backend\\src\\utils\\sendEmail.ts": {"path":"C:\\Projetos\\IMDB\\Backend\\src\\utils\\sendEmail.ts","statementMap":{"0":{"start":{"line":4,"column":0},"end":{"line":4,"column":null}},"1":{"start":{"line":11,"column":24},"end":{"line":18,"column":null}},"2":{"start":{"line":20,"column":8},"end":{"line":20,"column":null}},"3":{"start":{"line":22,"column":4},"end":{"line":41,"column":null}}},"fnMap":{"0":{"name":"createResetEmail","decl":{"start":{"line":6,"column":22},"end":{"line":6,"column":null}},"loc":{"start":{"line":9,"column":2},"end":{"line":42,"column":null}},"line":9}},"branchMap":{},"s":{"0":4,"1":1,"2":1,"3":1},"f":{"0":1},"b":{},"meta":{"lastBranch":0,"lastFunction":1,"lastStatement":4,"seen":{"s:4:0:4:Infinity":0,"f:6:22:6:Infinity":0,"s:11:24:18:Infinity":1,"s:20:8:20:Infinity":2,"s:22:4:41:Infinity":3},"fnNames":{}}}
,"C:\\Projetos\\IMDB\\Backend\\src\\utils\\tmdbRequests.ts": {"path":"C:\\Projetos\\IMDB\\Backend\\src\\utils\\tmdbRequests.ts","statementMap":{"0":{"start":{"line":4,"column":0},"end":{"line":4,"column":null}},"1":{"start":{"line":6,"column":26},"end":{"line":13,"column":null}},"2":{"start":{"line":7,"column":21},"end":{"line":10,"column":null}},"3":{"start":{"line":10,"column":20},"end":{"line":10,"column":31}},"4":{"start":{"line":12,"column":4},"end":{"line":12,"column":null}},"5":{"start":{"line":15,"column":32},"end":{"line":22,"column":null}},"6":{"start":{"line":16,"column":21},"end":{"line":19,"column":null}},"7":{"start":{"line":19,"column":20},"end":{"line":19,"column":31}},"8":{"start":{"line":21,"column":4},"end":{"line":21,"column":null}}},"fnMap":{"0":{"name":"(anonymous_0)","decl":{"start":{"line":6,"column":26},"end":{"line":6,"column":33}},"loc":{"start":{"line":6,"column":65},"end":{"line":13,"column":null}},"line":6},"1":{"name":"(anonymous_1)","decl":{"start":{"line":10,"column":7},"end":{"line":10,"column":12}},"loc":{"start":{"line":10,"column":20},"end":{"line":10,"column":31}},"line":10},"2":{"name":"(anonymous_2)","decl":{"start":{"line":15,"column":32},"end":{"line":15,"column":39}},"loc":{"start":{"line":15,"column":54},"end":{"line":22,"column":null}},"line":15},"3":{"name":"(anonymous_3)","decl":{"start":{"line":19,"column":7},"end":{"line":19,"column":12}},"loc":{"start":{"line":19,"column":20},"end":{"line":19,"column":31}},"line":19}},"branchMap":{},"s":{"0":3,"1":3,"2":0,"3":0,"4":0,"5":3,"6":0,"7":0,"8":0},"f":{"0":0,"1":0,"2":0,"3":0},"b":{},"meta":{"lastBranch":0,"lastFunction":4,"lastStatement":9,"seen":{"s:4:0:4:Infinity":0,"s:6:26:13:Infinity":1,"f:6:26:6:33":0,"s:7:21:10:Infinity":2,"f:10:7:10:12":1,"s:10:20:10:31":3,"s:12:4:12:Infinity":4,"s:15:32:22:Infinity":5,"f:15:32:15:39":2,"s:16:21:19:Infinity":6,"f:19:7:19:12":3,"s:19:20:19:31":7,"s:21:4:21:Infinity":8},"fnNames":{}}}
}
